<?xml version="1.0" encoding="UTF-8"?>
<!-- Generated by org.testng.reporters.JUnitXMLReporter -->
<testsuite ignored="0" hostname="LAPTOP-TOI63QB6" failures="0" tests="4" name="Test1" time="0.318" errors="0" timestamp="07 Feb 2022 15:23:58 GMT">
  <testcase classname="TestNG.DataProvider.Test1" name="TC1_1" time="0.112"/>
  <testcase classname="TestNG.DataProvider.Test1" name="TC1_2" time="0.019"/>
  <testcase classname="TestNG.DataProvider.Test1" name="TC1_3" time="0.006"/>
  <testcase classname="TestNG.DataProvider.Test1" name="TC1_4" time="0.008"/>
</testsuite> <!-- Test1 -->
