<?xml version="1.0" encoding="UTF-8"?>
<!-- Generated by org.testng.reporters.JUnitXMLReporter -->
<testsuite ignored="0" hostname="LAPTOP-TOI63QB6" failures="0" tests="4" name="Test4" time="0.06" errors="0" timestamp="07 Feb 2022 15:23:59 GMT">
  <testcase classname="TestNG.DataProvider.Test4" name="TC4_1" time="0.013"/>
  <testcase classname="TestNG.DataProvider.Test4" name="TC4_2" time="0.006"/>
  <testcase classname="TestNG.DataProvider.Test4" name="TC4_3" time="0.002"/>
  <testcase classname="TestNG.DataProvider.Test4" name="TC4_4" time="0.005"/>
</testsuite> <!-- Test4 -->
