<?xml version="1.0" encoding="UTF-8"?>
<!-- Generated by org.testng.reporters.JUnitXMLReporter -->
<testsuite ignored="0" hostname="LAPTOP-TOI63QB6" failures="0" tests="4" name="Test1" time="0.06" errors="0" timestamp="07 Feb 2022 15:36:12 GMT">
  <testcase classname="TestNG.DataProvider.Test3" name="TC3_1" time="0.005"/>
  <testcase classname="TestNG.DataProvider.Test3" name="TC3_2" time="0.005"/>
  <testcase classname="TestNG.DataProvider.Test3" name="TC3_3" time="0.008"/>
  <testcase classname="TestNG.DataProvider.Test3" name="TC3_4" time="0.009"/>
</testsuite> <!-- Test1 -->
