<?xml version="1.0" encoding="UTF-8"?>
<!-- Generated by org.testng.reporters.JUnitXMLReporter -->
<testsuite ignored="0" hostname="LAPTOP-TOI63QB6" failures="0" tests="12" name="Test" time="0.378" errors="0" timestamp="07 Feb 2022 15:36:11 GMT">
  <testcase classname="TestNG.DataProvider.Test2" name="TC2_1" time="0.119"/>
  <testcase classname="TestNG.DataProvider.Test1" name="TC1_1" time="0.119"/>
  <testcase classname="TestNG.DataProvider.Test1" name="TC1_2" time="0.003"/>
  <testcase classname="TestNG.DataProvider.Test2" name="TC2_2" time="0.005"/>
  <testcase classname="TestNG.DataProvider.Test1" name="TC1_3" time="0.005"/>
  <testcase classname="TestNG.DataProvider.Test1" name="TC1_4" time="0.015"/>
  <testcase classname="TestNG.DataProvider.Test2" name="TC2_3" time="0.028"/>
  <testcase classname="TestNG.DataProvider.Test2" name="TC2_4" time="0.007"/>
  <testcase classname="TestNG.DataProvider.Test4" name="TC4_1" time="0.012"/>
  <testcase classname="TestNG.DataProvider.Test4" name="TC4_2" time="0.005"/>
  <testcase classname="TestNG.DataProvider.Test4" name="TC4_3" time="0.005"/>
  <testcase classname="TestNG.DataProvider.Test4" name="TC4_4" time="0.005"/>
</testsuite> <!-- Test -->
